0 info it worked if it ends with ok
1 verbose cli [ '/usr/local/bin/node', '/usr/local/bin/npm', 'publish' ]
2 info using npm@3.8.6
3 info using node@v6.0.0
4 verbose publish [ '.' ]
5 silly cache add args [ '.', null ]
6 verbose cache add spec .
7 silly cache add parsed spec Result {
7 silly cache add   raw: '.',
7 silly cache add   scope: null,
7 silly cache add   name: null,
7 silly cache add   rawSpec: '.',
7 silly cache add   spec: '/Users/baixing/baicons',
7 silly cache add   type: 'directory' }
8 verbose addLocalDirectory /Users/baixing/.npm/baicons/0.7.8/package.tgz not in flight; packing
9 verbose correctMkdir /Users/baixing/.npm correctMkdir not in flight; initializing
10 info lifecycle baicons@0.7.8~prepublish: baicons@0.7.8
11 silly lifecycle baicons@0.7.8~prepublish: no script for prepublish, continuing
12 verbose tar pack [ '/Users/baixing/.npm/baicons/0.7.8/package.tgz',
12 verbose tar pack   '/Users/baixing/baicons' ]
13 verbose tarball /Users/baixing/.npm/baicons/0.7.8/package.tgz
14 verbose folder /Users/baixing/baicons
15 verbose addLocalTarball adding from inside cache /Users/baixing/.npm/baicons/0.7.8/package.tgz
16 verbose correctMkdir /Users/baixing/.npm correctMkdir not in flight; initializing
17 silly cache afterAdd baicons@0.7.8
18 verbose afterAdd /Users/baixing/.npm/baicons/0.7.8/package/package.json not in flight; writing
19 verbose correctMkdir /Users/baixing/.npm correctMkdir not in flight; initializing
20 verbose afterAdd /Users/baixing/.npm/baicons/0.7.8/package/package.json written
21 silly publish { name: 'baicons',
21 silly publish   version: '0.7.8',
21 silly publish   repository:
21 silly publish    { type: 'git',
21 silly publish      url: 'git+https://github.com/baixing/baicons.git' },
21 silly publish   devDependencies:
21 silly publish    { gulp: 'git://github.com/gulpjs/gulp.git#4.0',
21 silly publish      'gulp-consolidate': '^0.1.2',
21 silly publish      'gulp-iconfont': '^4.0.0',
21 silly publish      'gulp-rename': '^1.2.0',
21 silly publish      lodash: '^3.0.1' },
21 silly publish   dependencies: { 'gulp-clean': '^0.3.1' },
21 silly publish   readme: '## Baicons - 百姓网的图标字体库\n\n### 字体一览\n\n旧版字体\n[baicons/icons-reference.html](http://baixing.github.io/baicons/icons-reference.html)\n\n新版字体\n[baicons/icons-reference2.html](http://baixing.github.io/baicons/icons-reference2.html)\n\n### 安装\n\n`bower install git://github.com/baixing/baicons.git --save`\n\n在页面中引用 baicons.css 或 baicons2.css 即可：\n\n旧版网页使用:\n`<link href="bower_components/baicons.css" media="all" rel="stylesheet" type="text/css">`\n\n新版网页使用:\n`<link href="bower_components/baicons2.css" media="all" rel="stylesheet" type="text/css">`\n\n### 命名规则\n\n基本规则是（以 CSS 类名传统为准）：\n\n* 命名采用英文\n* 全部小写\n* 使用中划线连字符\n\n在此基础上的特例是，类目图标以中文拼音命名，并添加 `cat-` 前缀，如 `cat-ershouche`。\n\n### 怎样更新图标\n1. 更新baicon的package.json中的版本\n1. 在 `source` 或 `source` 目录下更新图标源文件（svg 格式）\n1. 执行 `gulp build` 命令生成图标和对应样式表\n1. 在使用baicon的package.json中升级baicon版本\n',
21 silly publish   readmeFilename: 'README.md',
21 silly publish   gitHead: '83b0b3a1e45af83d00e3aa07746a465d32cbcad4',
21 silly publish   description: '### 字体一览',
21 silly publish   bugs: { url: 'https://github.com/baixing/baicons/issues' },
21 silly publish   homepage: 'https://github.com/baixing/baicons#readme',
21 silly publish   _id: 'baicons@0.7.8',
21 silly publish   scripts: {},
21 silly publish   _shasum: 'abdbde26546f1b7c3d59a90eec6bbe8b71d3e4e2',
21 silly publish   _from: '.' }
22 verbose getPublishConfig undefined
23 silly mapToRegistry name baicons
24 silly mapToRegistry using default registry
25 silly mapToRegistry registry https://registry.npmjs.org/
26 silly mapToRegistry data Result {
26 silly mapToRegistry   raw: 'baicons',
26 silly mapToRegistry   scope: null,
26 silly mapToRegistry   name: 'baicons',
26 silly mapToRegistry   rawSpec: '',
26 silly mapToRegistry   spec: 'latest',
26 silly mapToRegistry   type: 'tag' }
27 silly mapToRegistry uri https://registry.npmjs.org/baicons
28 verbose publish registryBase https://registry.npmjs.org/
29 silly publish uploading /Users/baixing/.npm/baicons/0.7.8/package.tgz
30 verbose request uri https://registry.npmjs.org/baicons
31 verbose request sending authorization for write operation
32 info attempt registry request try #1 at 10:30:11
33 verbose request using bearer token for auth
34 verbose request id 79c02601fe153aa4
35 http request PUT https://registry.npmjs.org/baicons
36 http 403 https://registry.npmjs.org/baicons
37 verbose headers { 'content-type': 'application/json',
37 verbose headers   'cache-control': 'max-age=300',
37 verbose headers   'content-length': '95',
37 verbose headers   'accept-ranges': 'bytes',
37 verbose headers   date: 'Wed, 14 Sep 2016 02:30:12 GMT',
37 verbose headers   via: '1.1 varnish',
37 verbose headers   connection: 'keep-alive',
37 verbose headers   'x-served-by': 'cache-hkg6825-HKG',
37 verbose headers   'x-cache': 'MISS',
37 verbose headers   'x-cache-hits': '0',
37 verbose headers   'x-timer': 'S1473820211.568834,VS0,VE1407',
37 verbose headers   vary: 'Accept-Encoding' }
38 verbose request invalidating /Users/baixing/.npm/registry.npmjs.org/baicons on PUT
39 error publish Failed PUT 403
40 verbose stack Error: "You cannot publish over the previously published version 0.7.8." : baicons
40 verbose stack     at makeError (/usr/local/lib/node_modules/npm/node_modules/npm-registry-client/lib/request.js:264:12)
40 verbose stack     at CachingRegistryClient.<anonymous> (/usr/local/lib/node_modules/npm/node_modules/npm-registry-client/lib/request.js:252:14)
40 verbose stack     at Request._callback (/usr/local/lib/node_modules/npm/node_modules/npm-registry-client/lib/request.js:172:14)
40 verbose stack     at Request.self.callback (/usr/local/lib/node_modules/npm/node_modules/request/request.js:199:22)
40 verbose stack     at emitTwo (events.js:106:13)
40 verbose stack     at Request.emit (events.js:191:7)
40 verbose stack     at Request.<anonymous> (/usr/local/lib/node_modules/npm/node_modules/request/request.js:1036:10)
40 verbose stack     at emitOne (events.js:101:20)
40 verbose stack     at Request.emit (events.js:188:7)
40 verbose stack     at IncomingMessage.<anonymous> (/usr/local/lib/node_modules/npm/node_modules/request/request.js:963:12)
41 verbose statusCode 403
42 verbose pkgid baicons
43 verbose cwd /Users/baixing/baicons
44 error Darwin 15.4.0
45 error argv "/usr/local/bin/node" "/usr/local/bin/npm" "publish"
46 error node v6.0.0
47 error npm  v3.8.6
48 error code E403
49 error "You cannot publish over the previously published version 0.7.8." : baicons
50 error If you need help, you may report this error at:
50 error     <https://github.com/npm/npm/issues>
51 verbose exit [ 1, true ]
